#
# There is insufficient memory for the Java Runtime Environment to continue.
# Native memory allocation (mmap) failed to map 65011712 bytes for Failed to commit area from 0x00000000c2e00000 to 0x00000000c6c00000 of length 65011712.
# Possible reasons:
#   The system is out of physical RAM or swap space
#   The process is running with CompressedOops enabled, and the Java Heap may be blocking the growth of the native heap
# Possible solutions:
#   Reduce memory load on the system
#   Increase physical memory or swap space
#   Check if swap backing store is full
#   Decrease Java heap size (-Xmx/-Xms)
#   Decrease number of Java threads
#   Decrease Java thread stack sizes (-Xss)
#   Set larger code cache with -XX:ReservedCodeCacheSize=
# This output file may be truncated or incomplete.
#
#  Out of Memory Error (t:/workspace/open/src/hotspot/os/windows/os_windows.cpp:3269), pid=3616, tid=6636
#
# JRE version:  (11.0.3+12) (build )
# Java VM: Java HotSpot(TM) 64-Bit Server VM (11.0.3+12-LTS, mixed mode, aot, sharing, tiered, compressed oops, g1 gc, windows-amd64)
# No core dump will be written. Minidumps are not enabled by default on client versions of Windows
#

---------------  S U M M A R Y ------------

Command Line: Profitloss

Host: Intel(R) Celeron(R) J4005 CPU @ 2.00GHz, 2 cores, 3G,  Windows 10 , 64 bit Build 17134 (10.0.17134.753)
Time: Sat Dec 28 21:08:56 2019 India Standard Time elapsed time: 0 seconds (0d 0h 0m 0s)

---------------  T H R E A D  ---------------

Current thread (0x000002440f3e7000):  JavaThread "Unknown thread" [_thread_in_vm, id=6636, stack(0x0000005dfd600000,0x0000005dfd700000)]

Stack: [0x0000005dfd600000,0x0000005dfd700000]
Native frames: (J=compiled Java code, j=interpreted, Vv=VM code, C=native code)
V  [jvm.dll+0x63582a]
V  [jvm.dll+0x77360f]
V  [jvm.dll+0x774cba]
V  [jvm.dll+0x775373]
V  [jvm.dll+0x25e9c8]
V  [jvm.dll+0x632cba]
V  [jvm.dll+0x627715]
V  [jvm.dll+0x31523c]
V  [jvm.dll+0x3150c2]
V  [jvm.dll+0x31a936]
V  [jvm.dll+0x36667f]
V  [jvm.dll+0x3660a0]
V  [jvm.dll+0x2f1da8]
V  [jvm.dll+0x2f2f06]
V  [jvm.dll+0x74c867]
V  [jvm.dll+0x74dfaf]
V  [jvm.dll+0x3734b9]
V  [jvm.dll+0x732f09]
V  [jvm.dll+0x3e291d]
V  [jvm.dll+0x3e4cb1]
C  [java.exe+0x3607]
C  [java.exe+0x178dc]
C  [KERNEL32.DLL+0x14034]
C  [ntdll.dll+0x73691]


---------------  P R O C E S S  ---------------

Threads class SMR info:
_java_thread_list=0x000002440d26e260, length=0, elements={
}

Java Threads: ( => current thread )

Other Threads:
  0x000002440f3fc000 GCTaskThread "GC Thread#0" [stack: 0x0000005dfd700000,0x0000005dfd800000] [id=188]
  0x000002440f416000 ConcurrentGCThread "G1 Main Marker" [stack: 0x0000005dfd800000,0x0000005dfd900000] [id=2344]
  0x000002440f417000 ConcurrentGCThread "G1 Conc#0" [stack: 0x0000005dfd900000,0x0000005dfda00000] [id=4540]

[error occurred during error reporting (printing all threads), id 0xc0000005, EXCEPTION_ACCESS_VIOLATION (0xc0000005) at pc=0x00007ffb4f090497]

VM state:not at safepoint (not fully initialized)

VM Mutex/Monitor currently owned by a thread:  ([mutex/lock_event])
[0x000002440f3e5740] Heap_lock - owner thread: 0x000002440f3e7000

Heap address: 0x00000000c2e00000, size: 978 MB, Compressed Oops mode: Non-zero based: 0x00000000c2e00000
Narrow klass base: 0x0000000000000000, Narrow klass shift: 0

GC Heap History (0 events):
No events

Deoptimization events (0 events):
No events

Classes redefined (0 events):
No events

Internal exceptions (0 events):
No events

Events (0 events):
No events


Dynamic libraries:
0x00007ff6b1050000 - 0x00007ff6b1097000 	C:\Program Files\Java\jdk-11.0.3\bin\java.exe
0x00007ffb8c070000 - 0x00007ffb8c251000 	C:\WINDOWS\SYSTEM32\ntdll.dll
0x00007ffb6ac40000 - 0x00007ffb6ac54000 	C:\Program Files\AVAST Software\Avast\aswhook.dll
0x00007ffb89d20000 - 0x00007ffb89dd1000 	C:\WINDOWS\System32\KERNEL32.DLL
0x00007ffb884c0000 - 0x00007ffb88733000 	C:\WINDOWS\System32\KERNELBASE.dll
0x00007ffb89c60000 - 0x00007ffb89d01000 	C:\WINDOWS\System32\ADVAPI32.dll
0x00007ffb8a1a0000 - 0x00007ffb8a23e000 	C:\WINDOWS\System32\msvcrt.dll
0x00007ffb89c00000 - 0x00007ffb89c5b000 	C:\WINDOWS\System32\sechost.dll
0x00007ffb897a0000 - 0x00007ffb898c4000 	C:\WINDOWS\System32\RPCRT4.dll
0x00007ffb8a310000 - 0x00007ffb8a4a0000 	C:\WINDOWS\System32\USER32.dll
0x00007ffb88d20000 - 0x00007ffb88d40000 	C:\WINDOWS\System32\win32u.dll
0x00007ffb89690000 - 0x00007ffb896b8000 	C:\WINDOWS\System32\GDI32.dll
0x00007ffb88a20000 - 0x00007ffb88bb1000 	C:\WINDOWS\System32\gdi32full.dll
0x00007ffb88980000 - 0x00007ffb88a1f000 	C:\WINDOWS\System32\msvcp_win.dll
0x00007ffb88bc0000 - 0x00007ffb88cb8000 	C:\WINDOWS\System32\ucrtbase.dll
0x00007ffb702d0000 - 0x00007ffb70539000 	C:\WINDOWS\WinSxS\amd64_microsoft.windows.common-controls_6595b64144ccf1df_6.0.17134.950_none_fb3da4273069d3e0\COMCTL32.dll
0x00007ffb898d0000 - 0x00007ffb89bf2000 	C:\WINDOWS\System32\combase.dll
0x00007ffb88440000 - 0x00007ffb884b9000 	C:\WINDOWS\System32\bcryptPrimitives.dll
0x00007ffb7f780000 - 0x00007ffb7f78a000 	C:\WINDOWS\SYSTEM32\VERSION.dll
0x00007ffb89de0000 - 0x00007ffb89e0d000 	C:\WINDOWS\System32\IMM32.DLL
0x00007ffb83f70000 - 0x00007ffb83f86000 	C:\Program Files\Java\jdk-11.0.3\bin\vcruntime140.dll
0x00007ffb6c0a0000 - 0x00007ffb6c14a000 	C:\Program Files\Java\jdk-11.0.3\bin\msvcp140.dll
0x00007ffb4ed90000 - 0x00007ffb4f8b7000 	C:\Program Files\Java\jdk-11.0.3\bin\server\jvm.dll
0x00007ffb89680000 - 0x00007ffb89688000 	C:\WINDOWS\System32\PSAPI.DLL
0x00007ffb79ca0000 - 0x00007ffb79ca9000 	C:\WINDOWS\SYSTEM32\WSOCK32.dll
0x00007ffb8a4a0000 - 0x00007ffb8a50c000 	C:\WINDOWS\System32\WS2_32.dll
0x00007ffb865f0000 - 0x00007ffb86613000 	C:\WINDOWS\SYSTEM32\WINMM.dll
0x00007ffb865c0000 - 0x00007ffb865ea000 	C:\WINDOWS\SYSTEM32\WINMMBASE.dll
0x00007ffb88740000 - 0x00007ffb88789000 	C:\WINDOWS\System32\cfgmgr32.dll
0x00007ffb88420000 - 0x00007ffb88431000 	C:\WINDOWS\System32\kernel.appcore.dll
0x00007ffb83b90000 - 0x00007ffb83ba1000 	C:\Program Files\Java\jdk-11.0.3\bin\verify.dll
0x00007ffb7d660000 - 0x00007ffb7d829000 	C:\WINDOWS\SYSTEM32\DBGHELP.DLL
0x00007ffb7d630000 - 0x00007ffb7d659000 	C:\WINDOWS\SYSTEM32\dbgcore.DLL
0x00007ffb83b60000 - 0x00007ffb83b89000 	C:\Program Files\Java\jdk-11.0.3\bin\java.dll
0x00007ffb83b40000 - 0x00007ffb83b56000 	C:\Program Files\Java\jdk-11.0.3\bin\zip.dll
0x00007ffb85f80000 - 0x00007ffb85f8a000 	C:\Program Files\Java\jdk-11.0.3\bin\jimage.dll

dbghelp: loaded successfully - version: 4.0.5 - missing functions: none
symbol engine: initialized successfully - sym options: 0x614 - pdb path: .;C:\Program Files\Java\jdk-11.0.3\bin;C:\WINDOWS\SYSTEM32;C:\Program Files\AVAST Software\Avast;C:\WINDOWS\WinSxS\amd64_microsoft.windows.common-controls_6595b64144ccf1df_6.0.17134.950_none_fb3da4273069d3e0;C:\Program Files\Java\jdk-11.0.3\bin\server

VM Arguments:
java_command: Profitloss
java_class_path (initial): .
Launcher Type: SUN_STANDARD

[Global flags]
     intx CICompilerCount                          = 2                                         {product} {ergonomic}
     uint ConcGCThreads                            = 1                                         {product} {ergonomic}
     uint G1ConcRefinementThreads                  = 2                                         {product} {ergonomic}
   size_t G1HeapRegionSize                         = 1048576                                   {product} {ergonomic}
    uintx GCDrainStackTargetSize                   = 64                                        {product} {ergonomic}
   size_t InitialHeapSize                          = 65011712                                  {product} {ergonomic}
   size_t MarkStackSize                            = 4194304                                   {product} {ergonomic}
   size_t MaxHeapSize                              = 1025507328                                {product} {ergonomic}
   size_t MinHeapDeltaBytes                        = 1048576                                   {product} {ergonomic}
    uintx NonNMethodCodeHeapSize                   = 5824844                                {pd product} {ergonomic}
    uintx NonProfiledCodeHeapSize                  = 122916698                              {pd product} {ergonomic}
    uintx ProfiledCodeHeapSize                     = 122916698                              {pd product} {ergonomic}
    uintx ReservedCodeCacheSize                    = 251658240                              {pd product} {ergonomic}
     bool SegmentedCodeCache                       = true                                      {product} {ergonomic}
     bool UseCompressedClassPointers               = true                                 {lp64_product} {ergonomic}
     bool UseCompressedOops                        = true                                 {lp64_product} {ergonomic}
     bool UseG1GC                                  = true                                      {product} {ergonomic}
     bool UseLargePagesIndividualAllocation        = false                                  {pd product} {ergonomic}

Logging:
Log output configuration:
 #0: stdout all=warning uptime,level,tags
 #1: stderr all=off uptime,level,tags

Environment Variables:
PATH=C:\WINDOWS\system32;C:\WINDOWS;C:\WINDOWS\System32\Wbem;C:\WINDOWS\System32\WindowsPowerShell\v1.0\;C:\WINDOWS\System32\OpenSSH\;C:\Program Files\Git\cmd;C:\Program Files\nodejs\;C:\Program Files\Java\jdk-11.0.3\bin;C:\Python\Scripts\;C:\Python\;C:\Users\gieit\AppData\Local\Microsoft\WindowsApps;;C:\Users\gieit\AppData\Local\Programs\Microsoft VS Code\bin;C:\Users\gieit\AppData\Roaming\npm
USERNAME=gieit
OS=Windows_NT
PROCESSOR_IDENTIFIER=Intel64 Family 6 Model 122 Stepping 1, GenuineIntel



---------------  S Y S T E M  ---------------

OS: Windows 10 , 64 bit Build 17134 (10.0.17134.753)

CPU:total 2 (initial active 2) (2 cores per cpu, 1 threads per core) family 6 model 122 stepping 1, cmov, cx8, fxsr, mmx, sse, sse2, sse3, ssse3, sse4.1, sse4.2, popcnt, aes, clmul, erms, 3dnowpref, tsc, tscinvbit, sha

Memory: 4k page, system-wide physical 3905M (495M free)
TotalPageFile size 15681M (AvailPageFile size 24M)
current process WorkingSet (physical memory assigned to process): 9M, peak: 9M
current process commit charge ("private bytes"): 47M, peak: 109M

vm_info: Java HotSpot(TM) 64-Bit Server VM (11.0.3+12-LTS) for windows-amd64 JRE (11.0.3+12-LTS), built on Apr  2 2019 12:43:09 by "mach5one" with MS VC++ 15.5 (VS2017)

END.
